Original_model_personalization/android/app/build/intermediates/manifest_merge_blame_file/debug/manifest-merger-blame-debug-report.txt
1<?xml version="1.0" encoding="utf-8"?>
2<manifest xmlns:android="http://schemas.android.com/apk/res/android"
3    package="org.tensorflow.lite.examples.transfer"
4    android:versionCode="1"
5    android:versionName="1.0" >
6
7    <uses-sdk
8        android:minSdkVersion="21"
8-->src/main/AndroidManifest.xml
9        android:targetSdkVersion="30" />
9-->src/main/AndroidManifest.xml
10
11    <uses-permission android:name="android.permission.CAMERA" />
11-->src/main/AndroidManifest.xml:6:3-63
11-->src/main/AndroidManifest.xml:6:20-60
12
13    <uses-feature android:name="android.hardware.camera" />
13-->src/main/AndroidManifest.xml:8:3-58
13-->src/main/AndroidManifest.xml:8:17-55
14    <uses-feature android:name="android.hardware.camera.autofocus" />
14-->src/main/AndroidManifest.xml:9:3-68
14-->src/main/AndroidManifest.xml:9:17-65
15
16    <application
16-->src/main/AndroidManifest.xml:11:3-31:17
17        android:allowBackup="true"
17-->src/main/AndroidManifest.xml:15:7-33
18        android:appComponentFactory="androidx.core.app.CoreComponentFactory"
18-->[androidx.core:core:1.5.0] AndroidManifest.xml:24:18-86
19        android:configChanges="orientation"
19-->src/main/AndroidManifest.xml:16:7-42
20        android:debuggable="true"
21        android:hardwareAccelerated="true"
21-->src/main/AndroidManifest.xml:12:7-41
22        android:icon="@mipmap/ic_launcher"
22-->src/main/AndroidManifest.xml:17:7-41
23        android:label="@string/app_name"
23-->src/main/AndroidManifest.xml:18:7-39
24        android:largeHeap="true"
24-->src/main/AndroidManifest.xml:13:7-31
25        android:roundIcon="@mipmap/ic_launcher_round"
25-->src/main/AndroidManifest.xml:19:7-52
26        android:supportsRtl="true"
26-->src/main/AndroidManifest.xml:20:7-33
27        android:taskAffinity=""
27-->src/main/AndroidManifest.xml:14:7-30
28        android:testOnly="true"
29        android:theme="@style/Theme.TransferLearningDemoApp" >
29-->src/main/AndroidManifest.xml:21:7-59
30        <activity
30-->src/main/AndroidManifest.xml:22:5-30:16
31            android:name="org.tensorflow.lite.examples.transfer.MainActivity"
31-->src/main/AndroidManifest.xml:23:9-37
32            android:exported="true"
32-->src/main/AndroidManifest.xml:24:9-32
33            android:screenOrientation="portrait" >
33-->src/main/AndroidManifest.xml:25:9-45
34            <intent-filter>
34-->src/main/AndroidManifest.xml:26:7-29:23
35                <action android:name="android.intent.action.MAIN" />
35-->src/main/AndroidManifest.xml:27:9-61
35-->src/main/AndroidManifest.xml:27:17-58
36
37                <category android:name="android.intent.category.LAUNCHER" />
37-->src/main/AndroidManifest.xml:28:9-69
37-->src/main/AndroidManifest.xml:28:19-66
38            </intent-filter>
39        </activity>
40
41        <provider
41-->[androidx.camera:camera-camera2:1.0.0-alpha04] AndroidManifest.xml:25:9-30:43
42            android:name="androidx.camera.camera2.impl.Camera2Initializer"
42-->[androidx.camera:camera-camera2:1.0.0-alpha04] AndroidManifest.xml:26:13-75
43            android:authorities="org.tensorflow.lite.examples.transfer.camerax-init"
43-->[androidx.camera:camera-camera2:1.0.0-alpha04] AndroidManifest.xml:27:13-64
44            android:exported="false"
44-->[androidx.camera:camera-camera2:1.0.0-alpha04] AndroidManifest.xml:28:13-37
45            android:initOrder="100"
45-->[androidx.camera:camera-camera2:1.0.0-alpha04] AndroidManifest.xml:29:13-36
46            android:multiprocess="true" />
46-->[androidx.camera:camera-camera2:1.0.0-alpha04] AndroidManifest.xml:30:13-40
47        <provider
47-->[androidx.lifecycle:lifecycle-process:2.1.0] AndroidManifest.xml:23:9-27:43
48            android:name="androidx.lifecycle.ProcessLifecycleOwnerInitializer"
48-->[androidx.lifecycle:lifecycle-process:2.1.0] AndroidManifest.xml:24:13-79
49            android:authorities="org.tensorflow.lite.examples.transfer.lifecycle-process"
49-->[androidx.lifecycle:lifecycle-process:2.1.0] AndroidManifest.xml:25:13-69
50            android:exported="false"
50-->[androidx.lifecycle:lifecycle-process:2.1.0] AndroidManifest.xml:26:13-37
51            android:multiprocess="true" />
51-->[androidx.lifecycle:lifecycle-process:2.1.0] AndroidManifest.xml:27:13-40
52    </application>
53
54</manifest>